0 info it worked if it ends with ok
1 verbose cli [ 'C:\\Program Files\\nodejs\\node.exe',
1 verbose cli   'C:\\Program Files\\nodejs\\node_modules\\npm\\bin\\npm-cli.js',
1 verbose cli   'run',
1 verbose cli   'server' ]
2 info using npm@3.10.10
3 info using node@v6.10.1
4 verbose run-script [ 'preserver', 'server', 'postserver' ]
5 info lifecycle sampleapi@0.0.0~preserver: sampleapi@0.0.0
6 silly lifecycle sampleapi@0.0.0~preserver: no script for preserver, continuing
7 info lifecycle sampleapi@0.0.0~server: sampleapi@0.0.0
8 verbose lifecycle sampleapi@0.0.0~server: unsafe-perm in lifecycle true
9 verbose lifecycle sampleapi@0.0.0~server: PATH: C:\Program Files\nodejs\node_modules\npm\bin\node-gyp-bin;D:\ReactExpress\SampleAPI\node_modules\.bin;C:\ProgramData\Oracle\Java\javapath;C:\WINDOWS\system32;C:\WINDOWS;C:\WINDOWS\System32\Wbem;C:\WINDOWS\System32\WindowsPowerShell\v1.0\;C:\php;C:\mysql\bin;C:\Program Files\Git\cmd;C:\Program Files\TortoiseGit\bin;C:\ProgramData\ComposerSetup\bin;C:\WINDOWS\SysWOW64;C:\Users\it\AppData\Local\Android\sdk\tools;C:\Users\it\AppData\Local\Android\sdk\platform-tools;C:\Users\it\AppData\Local\Android\sdk\build-tools;C:\Users\it\AppData\Local\Android\sdk\platforms;C:\Users\it\AppData\Local\Android\sdk;C:\Program Files\Java\jdk1.8.0_131;C:\Program Files\Java\jre1.8.0_131;C:\Program Files\Android\Android Studio;C:\Program Files\nodejs\;C:\Users\it\AppData\Local\atom\bin;C:\Users\it\AppData\Roaming\Composer\vendor\bin;C:\Users\it\AppData\Local\Microsoft\WindowsApps;C:\Program Files\wkhtmltopdf\bin;C:\Program Files\wkhtmltopdf;C:\Users\it\AppData\Roaming\npm
10 verbose lifecycle sampleapi@0.0.0~server: CWD: D:\ReactExpress\SampleAPI
11 silly lifecycle sampleapi@0.0.0~server: Args: [ '/d /s /c', 'nodemon server' ]
12 silly lifecycle sampleapi@0.0.0~server: Returned: code: 3221225786  signal: null
13 info lifecycle sampleapi@0.0.0~server: Failed to exec server script
14 verbose stack Error: sampleapi@0.0.0 server: `nodemon server`
14 verbose stack Exit status 3221225786
14 verbose stack     at EventEmitter.<anonymous> (C:\Program Files\nodejs\node_modules\npm\lib\utils\lifecycle.js:255:16)
14 verbose stack     at emitTwo (events.js:106:13)
14 verbose stack     at EventEmitter.emit (events.js:191:7)
14 verbose stack     at ChildProcess.<anonymous> (C:\Program Files\nodejs\node_modules\npm\lib\utils\spawn.js:40:14)
14 verbose stack     at emitTwo (events.js:106:13)
14 verbose stack     at ChildProcess.emit (events.js:191:7)
14 verbose stack     at maybeClose (internal/child_process.js:886:16)
14 verbose stack     at Process.ChildProcess._handle.onexit (internal/child_process.js:226:5)
15 verbose pkgid sampleapi@0.0.0
16 verbose cwd D:\ReactExpress\SampleAPI
17 error Windows_NT 10.0.14393
18 error argv "C:\\Program Files\\nodejs\\node.exe" "C:\\Program Files\\nodejs\\node_modules\\npm\\bin\\npm-cli.js" "run" "server"
19 error node v6.10.1
20 error npm  v3.10.10
21 error code ELIFECYCLE
22 error sampleapi@0.0.0 server: `nodemon server`
22 error Exit status 3221225786
23 error Failed at the sampleapi@0.0.0 server script 'nodemon server'.
23 error Make sure you have the latest version of node.js and npm installed.
23 error If you do, this is most likely a problem with the sampleapi package,
23 error not with npm itself.
23 error Tell the author that this fails on your system:
23 error     nodemon server
23 error You can get information on how to open an issue for this project with:
23 error     npm bugs sampleapi
23 error Or if that isn't available, you can get their info via:
23 error     npm owner ls sampleapi
23 error There is likely additional logging output above.
24 verbose exit [ 1, true ]
